Arguments: 
  /Users/clee/.nvm/versions/node/v8.4.0/bin/node /Users/clee/.nvm/versions/node/v8.4.0/bin/yarn add --dev ert-types

PATH: 
  /Users/clee/.nvm/versions/node/v8.4.0/bin:./node_modules/.bin:/usr/local/git/bin:/sw/bin/:/usr/local/bin:/usr/local/:/usr/local/sbin:/usr/local/mysql/bin:/usr/local/bin:/usr/bin:/bin:/usr/sbin:/sbin:/usr/local/bin/

Yarn version: 
  1.3.2

Node version: 
  8.4.0

Platform: 
  darwin x64

npm manifest: 
  {
    "name": "kind-to-string",
    "version": "1.0.0",
    "main": "index.js",
    "license": "MIT",
  }

yarn manifest: 
  No manifest

Lockfile: 
  # THIS IS AN AUTOGENERATED FILE. DO NOT EDIT THIS FILE DIRECTLY.
  # yarn lockfile v1
  
  
  ert-types@^0.0.1:
    version "0.0.1"
    resolved "https://registry.yarnpkg.com/ert-types/-/ert-types-0.0.1.tgz#18d8b12cff7291fbbf83383effa13eca752108b4"

Trace: 
  SyntaxError: /Users/clee/Thinkmill/projects/kind-to-string/package.json: Unexpected token } in JSON at position 94
      at JSON.parse (<anonymous>)
      at /Users/clee/.nvm/versions/node/v8.4.0/lib/node_modules/yarn/lib/cli.js:770:59
      at Generator.next (<anonymous>)
      at step (/Users/clee/.nvm/versions/node/v8.4.0/lib/node_modules/yarn/lib/cli.js:92:30)
      at /Users/clee/.nvm/versions/node/v8.4.0/lib/node_modules/yarn/lib/cli.js:103:13
      at <anonymous>
